<?xml version="1.0" encoding="UTF-8"?>
<!-- Generated by org.testng.reporters.JUnitReportReporter -->
<testsuite hostname="IN5CG4525JV9" name="com.amazon.qa.testcases.Productbooking" tests="1" failures="0" timestamp="28 Mar 2019 12:11:12 GMT" time="41.569" errors="0">
  <testcase name="e2eTest" time="41.569" classname="com.amazon.qa.testcases.Productbooking"/>
</testsuite> <!-- com.amazon.qa.testcases.Productbooking -->
